07/12/2021 16:00:46 ------Start Running exercise.py------
07/12/2021 16:00:46 Operating system: win32

07/12/2021 16:00:46 
07/12/2021 16:00:46 ------Start loading chromosome 1 (long string)------
07/12/2021 16:00:46 ------Chromosome 1 (long string) loaded!------
07/12/2021 16:00:46 string id: NC_000001.11
07/12/2021 16:00:46 string length: 100000000
07/12/2021 16:00:47 ------Patterns loaded!------
07/12/2021 16:00:47 Number of patterns: 100000
07/12/2021 16:01:05 For 100 reads found 100 pattern occurrences
07/12/2021 16:01:24 For 100 reads found 100 pattern occurrences
07/12/2021 16:01:24 For [100, 500, 1000] reads the total runnng time is 0.299 minutes
07/12/2021 16:02:56 For 500 reads found 500 pattern occurrences
07/12/2021 16:04:30 For 500 reads found 500 pattern occurrences
07/12/2021 16:04:30 For [100, 500, 1000] reads the total runnng time is 1.546 minutes
07/12/2021 16:07:31 For 1000 reads found 1000 pattern occurrences
07/12/2021 16:10:33 For 1000 reads found 1000 pattern occurrences
07/12/2021 16:10:33 For [100, 500, 1000] reads the total runnng time is 3.02 minutes
07/12/2021 16:10:33 ------Stop logging------
07/12/2021 16:10:33 total running time: 9.78 minutes
